<?xml version="1.0" encoding="UTF-8"?>
<!-- Generated by org.testng.reporters.JUnitReportReporter -->
<testsuite skipped="0" hostname="8H3CKZPOTURK1ZH" name="com.test.api.testPost" tests="1" failures="0" timestamp="19 四月 2019 09:47:07 GMT" time="0.009" errors="0">
  <testcase name="testPostRequest" time="0.009" classname="com.test.api.testPost"/>
</testsuite> <!-- com.test.api.testPost -->
