<?xml version="1.0" encoding="UTF-8"?>
<!-- Generated by org.testng.reporters.JUnitReportReporter -->
<testsuite skipped="0" hostname="8H3CKZPOTURK1ZH" name="com.test.api.testGet" tests="1" failures="0" timestamp="19 四月 2019 09:53:03 GMT" time="0.010" errors="0">
  <testcase name="TestGetRequest" time="0.010" classname="com.test.api.testGet"/>
</testsuite> <!-- com.test.api.testGet -->
